
------------------------------------------------------------
Sender: LSF System <lsfadmin@nxt1256>
Subject: Job 7730037: <egom_15> in cluster <Main_Compute> Exited

Job <egom_15> was submitted from host <login3> by user <chsu1> in cluster <Main_Compute>.
Job was executed on host(s) <20*nxt1256>, in queue <mn_medium>, as user <chsu1> in cluster <Main_Compute>.
                            <20*nxt1638>
                            <20*nxt1550>
                            <20*nxt1933>
                            <20*nxt1553>
                            <20*nxt1554>
                            <20*nxt1201>
                            <20*nxt1202>
                            <20*nxt1208>
</home/chsu1> was used as the home directory.
</home/chsu1/scratch/GOM_FORECAST/cpl/run/routine_run_emsemble/GEFS/cpl/ensemble15> was used as the working directory.
Started at Mon Sep  3 23:42:04 2018
Results reported on Tue Sep  4 01:13:58 2018

Your job looked like:

------------------------------------------------------------
# LSBATCH: User input
#!/bin/bash
#BSUB -L /bin/bash
#BSUB -J egom_15
#BSUB -o std.out
#BSUB -e std.err
#BSUB -W 04:00
#BSUB -n 180
#BSUB -R 'span[ptile=20] rusage[mem=2560]'
#BSUB -P 082866996848
#BSUB -U chsu1
rm -rf TXGLO.*

ulimit -s unlimited
module purge
module load wrf-deps/intel-2015B
module load pnetcdf/1.6.1-intel-2015B

export I_MPI_HYDRA_BOOTSTRAP=lsf
export I_MPI_LSF_USE_COLLECTIVE_LAUNCH=1
export I_MPI_HYDRA_BRANCH_COUNT=15
export PNETCDF_HINTS="striping_unit=16777216"
export PNETCDF_PATH=/software/tamusc/pnetcdf/1.6.1-intel-2015B
export PNETCDF=/software/tamusc/pnetcdf/1.6.1-intel-2015B


##-- time calculation begins --
strtm=$(date +%s)


mpiexec.hydra ./cresm > cresm.log 2>&1


##-- time calculation ends --
endtm=$(date +%s)
HH=`echo $((endtm-strtm)) | awk '{printf "%02d",int($1/3600)}'`
MM=`echo $((endtm-strtm)) | awk '{printf "%02d",int(($1%3600)/60)}'`
SS=`echo $((endtm-strtm)) | awk '{printf "%02d",int($1%60)}'`
echo "Total Time Coast : $HH:$MM:$SS"  > Time_Calculation 
#-- Move to share folder --
abc=2018-09-01
folder="/scratch/user/chsu1/share/GEFS/${abc}/ensemble15"
mkdir -p $folder
mv rsl.[oe]* std.* *.log TXGLO*  $folder/.
mv ../../atm/data/ensemble15/wps/wps_run.[oe]* $folder/.
cd /scratch/user/chsu1/share/GEFS; sh ./ocn_file_name.sh

------------------------------------------------------------

Exited with exit code 1.

Resource usage summary:

    CPU time :                                   1098381.50 sec.
    Max Memory :                                 46293 MB
    Average Memory :                             44317.70 MB
    Total Requested Memory :                     460800.00 MB
    Delta Memory :                               414507.00 MB
    Max Processes :                              196
    Max Threads :                                378

The output (if any) is above this job summary.



PS:

Read file <std.err> for stderr output of this job.

